<?xml version="1.0" encoding="UTF-8"?>
<testng-results skipped="0" failed="0" ignored="0" total="1" passed="1">
  <reporter-output>
  </reporter-output>
  <suite name="Default suite" duration-ms="125" started-at="2020-04-15T09:52:05Z" finished-at="2020-04-15T09:52:05Z">
    <groups>
    </groups>
    <test name="Default test" duration-ms="125" started-at="2020-04-15T09:52:05Z" finished-at="2020-04-15T09:52:05Z">
      <class name="jsonCompareExample">
        <test-method status="PASS" signature="myTest()[pri:0, instance:jsonCompareExample@51081592]" name="myTest" duration-ms="93" started-at="2020-04-15T09:52:05Z" finished-at="2020-04-15T09:52:05Z">
          <reporter-output>
          </reporter-output>
        </test-method> <!-- myTest -->
      </class> <!-- jsonCompareExample -->
    </test> <!-- Default test -->
  </suite> <!-- Default suite -->
</testng-results>
